<?xml version="1.0" encoding="UTF-8"?>
<!-- Generated by org.testng.reporters.JUnitReportReporter -->
<testsuite hostname="TYSS-Shobha" failures="0" tests="3" name="TestNg.DataProviderEx3" time="174.981" errors="0" timestamp="2025-04-19T15:14:23 IST" skipped="0">
  <testcase classname="TestNg.DataProviderEx3" name="createContact" time="36.663"/>
  <testcase classname="TestNg.DataProviderEx3" name="createContact" time="41.865"/>
  <testcase classname="TestNg.DataProviderEx3" name="createContact" time="96.453"/>
</testsuite> <!-- TestNg.DataProviderEx3 -->
