<?xml version="1.0" encoding="UTF-8"?>
<!-- Generated by org.testng.reporters.JUnitReportReporter -->
<testsuite hostname="TYSS-Shobha" failures="0" tests="4" name="TestNg.DataProviderEx2" time="98.502" errors="0" timestamp="2025-04-05T20:13:59 IST" skipped="0">
  <testcase classname="TestNg.DataProviderEx2" name="createContact" time="24.474"/>
  <testcase classname="TestNg.DataProviderEx2" name="createContact" time="20.800"/>
  <testcase classname="TestNg.DataProviderEx2" name="createContact" time="26.013"/>
  <testcase classname="TestNg.DataProviderEx2" name="createContact" time="27.215"/>
</testsuite> <!-- TestNg.DataProviderEx2 -->
