<?xml version="1.0" encoding="UTF-8"?>
<!-- Generated by org.testng.reporters.JUnitReportReporter -->
<testsuite hostname="TYSS-Shobha" failures="0" tests="3" name="TestNg.DataProviderEx1" time="0.034" errors="0" timestamp="2025-04-05T20:01:01 IST" skipped="0">
  <testcase classname="TestNg.DataProviderEx1" name="bookTickets" time="0.024"/>
  <testcase classname="TestNg.DataProviderEx1" name="bookTickets" time="0.005"/>
  <testcase classname="TestNg.DataProviderEx1" name="bookTickets" time="0.005"/>
</testsuite> <!-- TestNg.DataProviderEx1 -->
